Nov-28 09:46:41.146 [main] DEBUG nextflow.cli.Launcher - $> nextflow -c /etc/nextflow.config run main.nf
Nov-28 09:46:41.386 [main] DEBUG nextflow.cli.CmdRun - N E X T F L O W  ~  version 25.04.8
Nov-28 09:46:41.441 [main] DEBUG nextflow.plugin.PluginsFacade - Setting up plugin manager > mode=prod; embedded=false; plugins-dir=/shared/team/nxf_work/michaeldbrown.gpha-ukhsa-mscap/plugins; core-plugins: nf-amazon@2.15.0-patch2,nf-azure@1.16.0-patch1,nf-cloudcache@0.4.3,nf-codecommit@0.2.3,nf-console@1.2.1,nf-google@1.21.1,nf-k8s@1.0.1,nf-tower@1.11.4-patch2,nf-wave@1.12.1
Nov-28 09:46:41.479 [main] INFO  o.pf4j.DefaultPluginStatusProvider - Enabled plugins: []
Nov-28 09:46:41.480 [main] INFO  o.pf4j.DefaultPluginStatusProvider - Disabled plugins: []
Nov-28 09:46:41.484 [main] INFO  org.pf4j.DefaultPluginManager - PF4J version 3.12.0 in 'deployment' mode
Nov-28 09:46:41.504 [main] INFO  org.pf4j.AbstractPluginManager - No plugins
Nov-28 09:46:41.556 [main] DEBUG nextflow.config.ConfigBuilder - Found config local: /shared/team/mike/gpha-mscape-orangebox-virus-reclassification/nextflow.config
Nov-28 09:46:41.564 [main] DEBUG nextflow.config.ConfigBuilder - User config file: /etc/nextflow.config
Nov-28 09:46:41.572 [main] DEBUG nextflow.config.ConfigBuilder - Parsing config file: /shared/team/mike/gpha-mscape-orangebox-virus-reclassification/nextflow.config
Nov-28 09:46:41.573 [main] DEBUG nextflow.config.ConfigBuilder - Parsing config file: /etc/nextflow.config
Nov-28 09:46:41.661 [main] DEBUG n.secret.LocalSecretsProvider - Secrets store: /shared/team/nxf_work/michaeldbrown.gpha-ukhsa-mscap/secrets/store.json
Nov-28 09:46:41.675 [main] DEBUG nextflow.secret.SecretsLoader - Discovered secrets providers: [nextflow.secret.LocalSecretsProvider@3eb631b8] - activable => nextflow.secret.LocalSecretsProvider@3eb631b8
Nov-28 09:46:41.695 [main] DEBUG nextflow.config.ConfigBuilder - Applying config profile: `standard`
Nov-28 09:46:43.857 [main] DEBUG nextflow.config.ConfigBuilder - Applying config profile: `standard`
Nov-28 09:46:44.031 [main] DEBUG nextflow.cli.CmdRun - Applied DSL=2 by global default
Nov-28 09:46:44.053 [main] DEBUG nextflow.cli.CmdRun - Launching `main.nf` [elegant_jepsen] DSL2 - revision: a8bf7d280d
Nov-28 09:46:44.056 [main] DEBUG nextflow.plugin.PluginsFacade - Plugins default=[nf-k8s@1.0.1]
Nov-28 09:46:44.057 [main] DEBUG nextflow.plugin.PluginsFacade - Plugins resolved requirement=[nf-k8s@1.0.1]
Nov-28 09:46:44.060 [main] DEBUG nextflow.plugin.PluginUpdater - Installing plugin nf-k8s version: 1.0.1
Nov-28 09:46:44.076 [main] INFO  org.pf4j.AbstractPluginManager - Plugin 'nf-k8s@1.0.1' resolved
Nov-28 09:46:44.076 [main] INFO  org.pf4j.AbstractPluginManager - Start plugin 'nf-k8s@1.0.1'
Nov-28 09:46:44.103 [main] DEBUG nextflow.plugin.BasePlugin - Plugin started nf-k8s@1.0.1
Nov-28 09:46:44.177 [main] DEBUG nextflow.Session - Session UUID: ea6b5199-4310-4356-95e5-784b4c495cfb
Nov-28 09:46:44.177 [main] DEBUG nextflow.Session - Run name: elegant_jepsen
Nov-28 09:46:44.178 [main] DEBUG nextflow.Session - Executor pool size: 2
Nov-28 09:46:44.190 [main] DEBUG nextflow.file.FilePorter - File porter settings maxRetries=3; maxTransfers=50; pollTimeout=null
Nov-28 09:46:44.198 [main] DEBUG nextflow.util.ThreadPoolBuilder - Creating thread pool 'FileTransfer' minSize=10; maxSize=10; workQueue=LinkedBlockingQueue[-1]; allowCoreThreadTimeout=false
Nov-28 09:46:44.225 [main] DEBUG nextflow.cli.CmdRun - 
  Version: 25.04.8 build 5956
  Created: 06-10-2025 21:19 UTC 
  System: Linux 5.15.0-1051-kvm
  Runtime: Groovy 4.0.26 on OpenJDK 64-Bit Server VM 17.0.16+8-Ubuntu-0ubuntu122.04.1
  Encoding: UTF-8 (UTF-8)
  Process: 2026@jupyter-michaeldbrown-2egpha-2dukhsa-2dmscap [10.1.60.94]
  CPUs: 2 - Mem: 16 GB (15.4 GB) - Swap: 0 (0)
Nov-28 09:46:44.285 [main] DEBUG nextflow.Session - Work-dir: /shared/team/nxf_work/michaeldbrown.gpha-ukhsa-mscap/work [ceph]
Nov-28 09:46:44.359 [main] DEBUG nextflow.executor.ExecutorFactory - Extension executors providers=[K8sExecutor]
Nov-28 09:46:44.379 [main] DEBUG nextflow.Session - Observer factory: DefaultObserverFactory
Nov-28 09:46:44.430 [main] DEBUG nextflow.Session - Observer factory (v2): LinObserverFactory
Nov-28 09:46:44.470 [main] DEBUG nextflow.cache.CacheFactory - Using Nextflow cache factory: nextflow.cache.DefaultCacheFactory
Nov-28 09:46:44.483 [main] DEBUG nextflow.util.CustomThreadPool - Creating default thread pool > poolSize: 3; maxThreads: 1000
Nov-28 09:46:44.602 [main] DEBUG nextflow.Session - Session start
Nov-28 09:46:44.611 [main] DEBUG nextflow.trace.TraceFileObserver - Workflow started -- trace file: /shared/team/mike/gpha-mscape-orangebox-virus-reclassification/output/pipeline_info/2025-11-28_09-46-43/execution_trace_null.txt
Nov-28 09:46:44.725 [main] DEBUG nextflow.script.ScriptRunner - Parsed script files:
Nov-28 09:46:44.766 [main] ERROR nextflow.cli.Launcher - Script compilation error
- file : /shared/team/mike/gpha-mscape-orangebox-virus-reclassification/main.nf
- cause: Unexpected input: '{' @ line 7, column 10.
   workflow {
            ^

1 error

NOTE: If this is the beginning of a process or workflow, there may be a syntax error in the body, such as a missing or extra comma, for which a more specific error message could not be produced.
nextflow.exception.ScriptCompilationException: Script compilation error
- file : /shared/team/mike/gpha-mscape-orangebox-virus-reclassification/main.nf
- cause: Unexpected input: '{' @ line 7, column 10.
   workflow {
            ^

1 error

NOTE: If this is the beginning of a process or workflow, there may be a syntax error in the body, such as a missing or extra comma, for which a more specific error message could not be produced.
	at nextflow.script.parser.v1.ScriptLoaderV1.parse0(ScriptLoaderV1.groovy:204)
	at nextflow.script.parser.v1.ScriptLoaderV1.parse(ScriptLoaderV1.groovy:215)
	at nextflow.script.parser.v1.ScriptLoaderV1.parse(ScriptLoaderV1.groovy)
	at nextflow.script.ScriptRunner.parseScript(ScriptRunner.groovy:232)
	at nextflow.script.ScriptRunner.execute(ScriptRunner.groovy:137)
	at nextflow.cli.CmdRun.run(CmdRun.groovy:379)
	at nextflow.cli.Launcher.run(Launcher.groovy:513)
	at nextflow.cli.Launcher.main(Launcher.groovy:673)
Caused by: org.codehaus.groovy.control.MultipleCompilationErrorsException: startup failed:
Script_7333e4d75e5e749b: 7: Unexpected input: '{' @ line 7, column 10.
   workflow {
            ^

1 error

	at org.codehaus.groovy.control.ErrorCollector.failIfErrors(ErrorCollector.java:292)
	at org.codehaus.groovy.control.ErrorCollector.addFatalError(ErrorCollector.java:148)
	at org.apache.groovy.parser.antlr4.AstBuilder.collectSyntaxError(AstBuilder.java:4730)
	at org.apache.groovy.parser.antlr4.AstBuilder.access$100(AstBuilder.java:169)
	at org.apache.groovy.parser.antlr4.AstBuilder$3.syntaxError(AstBuilder.java:4741)
	at groovyjarjarantlr4.v4.runtime.ProxyErrorListener.syntaxError(ProxyErrorListener.java:44)
	at groovyjarjarantlr4.v4.runtime.Parser.notifyErrorListeners(Parser.java:543)
	at groovyjarjarantlr4.v4.runtime.DefaultErrorStrategy.notifyErrorListeners(DefaultErrorStrategy.java:154)
	at org.apache.groovy.parser.antlr4.internal.DescriptiveErrorStrategy.reportInputMismatch(DescriptiveErrorStrategy.java:104)
	at org.apache.groovy.parser.antlr4.internal.DescriptiveErrorStrategy.recover(DescriptiveErrorStrategy.java:55)
	at org.apache.groovy.parser.antlr4.internal.DescriptiveErrorStrategy.recoverInline(DescriptiveErrorStrategy.java:68)
	at groovyjarjarantlr4.v4.runtime.Parser.match(Parser.java:213)
	at org.apache.groovy.parser.antlr4.GroovyParser.compilationUnit(GroovyParser.java:368)
	at org.apache.groovy.parser.antlr4.AstBuilder.buildCST(AstBuilder.java:243)
	at org.apache.groovy.parser.antlr4.AstBuilder.buildCST(AstBuilder.java:221)
	at org.apache.groovy.parser.antlr4.AstBuilder.buildAST(AstBuilder.java:262)
	at org.apache.groovy.parser.antlr4.Antlr4ParserPlugin.buildAST(Antlr4ParserPlugin.java:58)
	at org.codehaus.groovy.control.SourceUnit.buildAST(SourceUnit.java:256)
	at java.base/java.util.Iterator.forEachRemaining(Iterator.java:133)
	at java.base/java.util.Spliterators$IteratorSpliterator.forEachRemaining(Spliterators.java:1845)
	at java.base/java.util.stream.ReferencePipeline$Head.forEach(ReferencePipeline.java:762)
	at org.codehaus.groovy.control.CompilationUnit.compile(CompilationUnit.java:663)
	at groovy.lang.GroovyClassLoader.doParseClass(GroovyClassLoader.java:365)
	at groovy.lang.GroovyClassLoader.lambda$parseClass$2(GroovyClassLoader.java:314)
	at org.codehaus.groovy.runtime.memoize.StampedCommonCache.compute(StampedCommonCache.java:163)
	at org.codehaus.groovy.runtime.memoize.StampedCommonCache.getAndPut(StampedCommonCache.java:154)
	at groovy.lang.GroovyClassLoader.parseClass(GroovyClassLoader.java:314)
	at groovy.lang.GroovyShell.parseClass(GroovyShell.java:572)
	at groovy.lang.GroovyShell.parse(GroovyShell.java:585)
	at groovy.lang.GroovyShell.parse(GroovyShell.java:639)
	at groovy.lang.GroovyShell.parse(GroovyShell.java:643)
	at nextflow.script.parser.v1.ScriptLoaderV1.parse0(ScriptLoaderV1.groovy:183)
	... 7 common frames omitted
