Nov-28 09:44:49.336 [main] DEBUG nextflow.cli.Launcher - $> nextflow -c /etc/nextflow.config run main.nf
Nov-28 09:44:49.547 [main] DEBUG nextflow.cli.CmdRun - N E X T F L O W  ~  version 25.04.8
Nov-28 09:44:49.577 [main] DEBUG nextflow.plugin.PluginsFacade - Setting up plugin manager > mode=prod; embedded=false; plugins-dir=/shared/team/nxf_work/michaeldbrown.gpha-ukhsa-mscap/plugins; core-plugins: nf-amazon@2.15.0-patch2,nf-azure@1.16.0-patch1,nf-cloudcache@0.4.3,nf-codecommit@0.2.3,nf-console@1.2.1,nf-google@1.21.1,nf-k8s@1.0.1,nf-tower@1.11.4-patch2,nf-wave@1.12.1
Nov-28 09:44:49.610 [main] INFO  o.pf4j.DefaultPluginStatusProvider - Enabled plugins: []
Nov-28 09:44:49.611 [main] INFO  o.pf4j.DefaultPluginStatusProvider - Disabled plugins: []
Nov-28 09:44:49.616 [main] INFO  org.pf4j.DefaultPluginManager - PF4J version 3.12.0 in 'deployment' mode
Nov-28 09:44:49.632 [main] INFO  org.pf4j.AbstractPluginManager - No plugins
Nov-28 09:44:49.670 [main] DEBUG nextflow.config.ConfigBuilder - Found config local: /shared/team/mike/gpha-mscape-orangebox-virus-reclassification/nextflow.config
Nov-28 09:44:49.676 [main] DEBUG nextflow.config.ConfigBuilder - User config file: /etc/nextflow.config
Nov-28 09:44:49.679 [main] DEBUG nextflow.config.ConfigBuilder - Parsing config file: /shared/team/mike/gpha-mscape-orangebox-virus-reclassification/nextflow.config
Nov-28 09:44:49.680 [main] DEBUG nextflow.config.ConfigBuilder - Parsing config file: /etc/nextflow.config
Nov-28 09:44:49.745 [main] DEBUG n.secret.LocalSecretsProvider - Secrets store: /shared/team/nxf_work/michaeldbrown.gpha-ukhsa-mscap/secrets/store.json
Nov-28 09:44:49.751 [main] DEBUG nextflow.secret.SecretsLoader - Discovered secrets providers: [nextflow.secret.LocalSecretsProvider@3eb631b8] - activable => nextflow.secret.LocalSecretsProvider@3eb631b8
Nov-28 09:44:49.761 [main] DEBUG nextflow.config.ConfigBuilder - Applying config profile: `standard`
Nov-28 09:44:51.827 [main] DEBUG nextflow.config.ConfigBuilder - Applying config profile: `standard`
Nov-28 09:44:52.016 [main] DEBUG nextflow.cli.CmdRun - Applied DSL=2 by global default
Nov-28 09:44:52.036 [main] DEBUG nextflow.cli.CmdRun - Launching `main.nf` [ridiculous_poincare] DSL2 - revision: ad574e3cd4
Nov-28 09:44:52.039 [main] DEBUG nextflow.plugin.PluginsFacade - Plugins default=[nf-k8s@1.0.1]
Nov-28 09:44:52.040 [main] DEBUG nextflow.plugin.PluginsFacade - Plugins resolved requirement=[nf-k8s@1.0.1]
Nov-28 09:44:52.043 [main] DEBUG nextflow.plugin.PluginUpdater - Installing plugin nf-k8s version: 1.0.1
Nov-28 09:44:52.058 [main] INFO  org.pf4j.AbstractPluginManager - Plugin 'nf-k8s@1.0.1' resolved
Nov-28 09:44:52.058 [main] INFO  org.pf4j.AbstractPluginManager - Start plugin 'nf-k8s@1.0.1'
Nov-28 09:44:52.084 [main] DEBUG nextflow.plugin.BasePlugin - Plugin started nf-k8s@1.0.1
Nov-28 09:44:52.158 [main] DEBUG nextflow.Session - Session UUID: 9b76039a-ecfd-4e84-bf0a-ed1b76e39ffb
Nov-28 09:44:52.158 [main] DEBUG nextflow.Session - Run name: ridiculous_poincare
Nov-28 09:44:52.159 [main] DEBUG nextflow.Session - Executor pool size: 2
Nov-28 09:44:52.172 [main] DEBUG nextflow.file.FilePorter - File porter settings maxRetries=3; maxTransfers=50; pollTimeout=null
Nov-28 09:44:52.180 [main] DEBUG nextflow.util.ThreadPoolBuilder - Creating thread pool 'FileTransfer' minSize=10; maxSize=10; workQueue=LinkedBlockingQueue[-1]; allowCoreThreadTimeout=false
Nov-28 09:44:52.209 [main] DEBUG nextflow.cli.CmdRun - 
  Version: 25.04.8 build 5956
  Created: 06-10-2025 21:19 UTC 
  System: Linux 5.15.0-1051-kvm
  Runtime: Groovy 4.0.26 on OpenJDK 64-Bit Server VM 17.0.16+8-Ubuntu-0ubuntu122.04.1
  Encoding: UTF-8 (UTF-8)
  Process: 1934@jupyter-michaeldbrown-2egpha-2dukhsa-2dmscap [10.1.60.94]
  CPUs: 2 - Mem: 16 GB (15.5 GB) - Swap: 0 (0)
Nov-28 09:44:52.246 [main] DEBUG nextflow.Session - Work-dir: /shared/team/nxf_work/michaeldbrown.gpha-ukhsa-mscap/work [ceph]
Nov-28 09:44:52.306 [main] DEBUG nextflow.executor.ExecutorFactory - Extension executors providers=[K8sExecutor]
Nov-28 09:44:52.322 [main] DEBUG nextflow.Session - Observer factory: DefaultObserverFactory
Nov-28 09:44:52.367 [main] DEBUG nextflow.Session - Observer factory (v2): LinObserverFactory
Nov-28 09:44:52.408 [main] DEBUG nextflow.cache.CacheFactory - Using Nextflow cache factory: nextflow.cache.DefaultCacheFactory
Nov-28 09:44:52.420 [main] DEBUG nextflow.util.CustomThreadPool - Creating default thread pool > poolSize: 3; maxThreads: 1000
Nov-28 09:44:52.611 [main] DEBUG nextflow.Session - Session start
Nov-28 09:44:52.617 [main] DEBUG nextflow.trace.TraceFileObserver - Workflow started -- trace file: /shared/team/mike/gpha-mscape-orangebox-virus-reclassification/output/pipeline_info/2025-11-28_09-44-51/execution_trace_null.txt
Nov-28 09:44:52.734 [main] DEBUG nextflow.script.ScriptRunner - Parsed script files:
Nov-28 09:44:52.763 [main] ERROR nextflow.cli.Launcher - Script compilation error
- file : /shared/team/mike/gpha-mscape-orangebox-virus-reclassification/main.nf
- cause: Unexpected input: '{' @ line 7, column 9.
   workflow{
           ^

1 error

NOTE: If this is the beginning of a process or workflow, there may be a syntax error in the body, such as a missing or extra comma, for which a more specific error message could not be produced.
nextflow.exception.ScriptCompilationException: Script compilation error
- file : /shared/team/mike/gpha-mscape-orangebox-virus-reclassification/main.nf
- cause: Unexpected input: '{' @ line 7, column 9.
   workflow{
           ^

1 error

NOTE: If this is the beginning of a process or workflow, there may be a syntax error in the body, such as a missing or extra comma, for which a more specific error message could not be produced.
	at nextflow.script.parser.v1.ScriptLoaderV1.parse0(ScriptLoaderV1.groovy:204)
	at nextflow.script.parser.v1.ScriptLoaderV1.parse(ScriptLoaderV1.groovy:215)
	at nextflow.script.parser.v1.ScriptLoaderV1.parse(ScriptLoaderV1.groovy)
	at nextflow.script.ScriptRunner.parseScript(ScriptRunner.groovy:232)
	at nextflow.script.ScriptRunner.execute(ScriptRunner.groovy:137)
	at nextflow.cli.CmdRun.run(CmdRun.groovy:379)
	at nextflow.cli.Launcher.run(Launcher.groovy:513)
	at nextflow.cli.Launcher.main(Launcher.groovy:673)
Caused by: org.codehaus.groovy.control.MultipleCompilationErrorsException: startup failed:
Script_58532ed32d05f42b: 7: Unexpected input: '{' @ line 7, column 9.
   workflow{
           ^

1 error

	at org.codehaus.groovy.control.ErrorCollector.failIfErrors(ErrorCollector.java:292)
	at org.codehaus.groovy.control.ErrorCollector.addFatalError(ErrorCollector.java:148)
	at org.apache.groovy.parser.antlr4.AstBuilder.collectSyntaxError(AstBuilder.java:4730)
	at org.apache.groovy.parser.antlr4.AstBuilder.access$100(AstBuilder.java:169)
	at org.apache.groovy.parser.antlr4.AstBuilder$3.syntaxError(AstBuilder.java:4741)
	at groovyjarjarantlr4.v4.runtime.ProxyErrorListener.syntaxError(ProxyErrorListener.java:44)
	at groovyjarjarantlr4.v4.runtime.Parser.notifyErrorListeners(Parser.java:543)
	at groovyjarjarantlr4.v4.runtime.DefaultErrorStrategy.notifyErrorListeners(DefaultErrorStrategy.java:154)
	at org.apache.groovy.parser.antlr4.internal.DescriptiveErrorStrategy.reportInputMismatch(DescriptiveErrorStrategy.java:104)
	at org.apache.groovy.parser.antlr4.internal.DescriptiveErrorStrategy.recover(DescriptiveErrorStrategy.java:55)
	at org.apache.groovy.parser.antlr4.internal.DescriptiveErrorStrategy.recoverInline(DescriptiveErrorStrategy.java:68)
	at groovyjarjarantlr4.v4.runtime.Parser.match(Parser.java:213)
	at org.apache.groovy.parser.antlr4.GroovyParser.compilationUnit(GroovyParser.java:368)
	at org.apache.groovy.parser.antlr4.AstBuilder.buildCST(AstBuilder.java:243)
	at org.apache.groovy.parser.antlr4.AstBuilder.buildCST(AstBuilder.java:221)
	at org.apache.groovy.parser.antlr4.AstBuilder.buildAST(AstBuilder.java:262)
	at org.apache.groovy.parser.antlr4.Antlr4ParserPlugin.buildAST(Antlr4ParserPlugin.java:58)
	at org.codehaus.groovy.control.SourceUnit.buildAST(SourceUnit.java:256)
	at java.base/java.util.Iterator.forEachRemaining(Iterator.java:133)
	at java.base/java.util.Spliterators$IteratorSpliterator.forEachRemaining(Spliterators.java:1845)
	at java.base/java.util.stream.ReferencePipeline$Head.forEach(ReferencePipeline.java:762)
	at org.codehaus.groovy.control.CompilationUnit.compile(CompilationUnit.java:663)
	at groovy.lang.GroovyClassLoader.doParseClass(GroovyClassLoader.java:365)
	at groovy.lang.GroovyClassLoader.lambda$parseClass$2(GroovyClassLoader.java:314)
	at org.codehaus.groovy.runtime.memoize.StampedCommonCache.compute(StampedCommonCache.java:163)
	at org.codehaus.groovy.runtime.memoize.StampedCommonCache.getAndPut(StampedCommonCache.java:154)
	at groovy.lang.GroovyClassLoader.parseClass(GroovyClassLoader.java:314)
	at groovy.lang.GroovyShell.parseClass(GroovyShell.java:572)
	at groovy.lang.GroovyShell.parse(GroovyShell.java:585)
	at groovy.lang.GroovyShell.parse(GroovyShell.java:639)
	at groovy.lang.GroovyShell.parse(GroovyShell.java:643)
	at nextflow.script.parser.v1.ScriptLoaderV1.parse0(ScriptLoaderV1.groovy:183)
	... 7 common frames omitted
